Using pre-set license
Built from '2020.2/release' branch; Version is '2020.2.4f1 (becced5a802b) revision 12504301'; Using compiler version '192528614'; Build Type 'Release'
OS: 'Windows 10 Pro; OS build 26100.3476; Version 2009; 64bit' Language: 'en' Physical Memory: 31962 MB
BatchMode: 1, IsHumanControllingUs: 0, StartBugReporterOnCrash: 0, Is64bit: 1, IsPro: 0

 COMMAND LINE ARGUMENTS:
C:\Program Files\Unity\Hub\Editor\2020.2.4f1\Editor\Unity.exe
-adb2
-batchMode
-noUpm
-name
AssetImportWorker0
-projectPath
C:/Users/Jordi/My project
-logFile
Logs/AssetImportWorker0.log
-srvPort
59621
Successfully changed project path to: C:/Users/Jordi/My project
C:/Users/Jordi/My project
Using Asset Import Pipeline V2.
Refreshing native plugins compatible for Editor in 1.14 ms, found 0 plugins.
Preloading 0 native plugins for Editor in 0.00 ms.
Initialize engine version: 2020.2.4f1 (becced5a802b)
[Subsystems] Discovering subsystems at path C:/Program Files/Unity/Hub/Editor/2020.2.4f1/Editor/Data/Resources/UnitySubsystems
[Subsystems] Discovering subsystems at path C:/Users/Jordi/My project/Assets
GfxDevice: creating device client; threaded=0
Direct3D:
    Version:  Direct3D 11.0 [level 11.1]
    Renderer: NVIDIA GeForce RTX 4070 SUPER (ID=0x2783)
    Vendor:   
    VRAM:     11999 MB
    Driver:   32.0.15.7270
Initialize mono
Mono path[0] = 'C:/Program Files/Unity/Hub/Editor/2020.2.4f1/Editor/Data/Managed'
Mono path[1] = 'C:/Program Files/Unity/Hub/Editor/2020.2.4f1/Editor/Data/MonoBleedingEdge/lib/mono/unityjit'
Mono config path = 'C:/Program Files/Unity/Hub/Editor/2020.2.4f1/Editor/Data/MonoBleedingEdge/etc'
Using monoOptions --debugger-agent=transport=dt_socket,embedding=1,server=y,suspend=n,address=127.0.0.1:56164
Begin MonoManager ReloadAssembly
Registering precompiled unity dll's ...
Register platform support module: C:/Program Files/Unity/Hub/Editor/2020.2.4f1/Editor/Data/PlaybackEngines/WindowsStandaloneSupport/UnityEditor.WindowsStandalone.Extensions.dll
Registered in 0.001356 seconds.
Native extension for WindowsStandalone target not found
Refreshing native plugins compatible for Editor in 0.71 ms, found 0 plugins.
Preloading 0 native plugins for Editor in 0.00 ms.
Invoked RoslynAnalysisRunner static constructor.
RoslynAnalysisRunner will not be running.
RoslynAnalysisRunner has terminated.
Mono: successfully reloaded assembly
- Completed reload, in  0.606 seconds
Platform modules already initialized, skipping
Registering precompiled user dll's ...
Registered in 0.000013 seconds.
Begin MonoManager ReloadAssembly
Native extension for WindowsStandalone target not found
Refreshing native plugins compatible for Editor in 0.02 ms, found 0 plugins.
Preloading 0 native plugins for Editor in 0.00 ms.
Invoked RoslynAnalysisRunner static constructor.
RoslynAnalysisRunner will not be running.
RoslynAnalysisRunner has terminated.
Mono: successfully reloaded assembly
- Completed reload, in  0.371 seconds
Platform modules already initialized, skipping
========================================================================
Worker process is ready to serve import requests
Launched and connected shader compiler UnityShaderCompiler.exe after 0.03 seconds
Refreshing native plugins compatible for Editor in 0.02 ms, found 0 plugins.
Preloading 0 native plugins for Editor in 0.00 ms.
Unloading 10 Unused Serialized files (Serialized files now loaded: 0)
System memory in use before: 24.3 MB.
System memory in use after: 24.3 MB.

Unloading 2 unused Assets to reduce memory usage. Loaded Objects now: 449.
Total: 0.940100 ms (FindLiveObjects: 0.054000 ms CreateObjectMapping: 0.002600 ms MarkObjects: 0.846300 ms  DeleteObjects: 0.036500 ms)

========================================================================
Received Import Request.
  path: Assets/Readme.asset
  artifactKey: Guid(83c2ed844a8c74b779a4c823d16594b1) Importer(815301076,1909f56bfc062723c751e8b465ee728b)
Start importing Assets/Readme.asset using Guid(83c2ed844a8c74b779a4c823d16594b1) Importer(815301076,1909f56bfc062723c751e8b465ee728b)  -> (artifact id: 'e458a42bb815437a9f5082db1582f05d') in 0.030238 seconds
  Import took 0.030609 seconds .

========================================================================
Received Prepare
Registering precompiled user dll's ...
Registered in 0.000709 seconds.
Begin MonoManager ReloadAssembly
Native extension for WindowsStandalone target not found
Refreshing native plugins compatible for Editor in 22.61 ms, found 0 plugins.
Preloading 0 native plugins for Editor in 0.00 ms.
Invoked RoslynAnalysisRunner static constructor.
RoslynAnalysisRunner will not be running.
RoslynAnalysisRunner has terminated.
Mono: successfully reloaded assembly
- Completed reload, in  0.419 seconds
Platform modules already initialized, skipping
Shader 'Universal Render Pipeline/Particles/Lit': fallback shader 'Universal Render Pipeline/Particles/SimpleLit' not found
Shader 'Universal Render Pipeline/Particles/Lit': fallback shader 'Universal Render Pipeline/Particles/SimpleLit' not found
Refreshing native plugins compatible for Editor in 0.27 ms, found 0 plugins.
Preloading 0 native plugins for Editor in 0.00 ms.
Unloading 2356 Unused Serialized files (Serialized files now loaded: 0)
System memory in use before: 104.9 MB.
System memory in use after: 101.7 MB.

Unloading 59 unused Assets to reduce memory usage. Loaded Objects now: 2747.
Total: 2.198700 ms (FindLiveObjects: 0.163900 ms CreateObjectMapping: 0.045800 ms MarkObjects: 1.259500 ms  DeleteObjects: 0.728800 ms)

========================================================================
Received Import Request.
  Time since last request: 131.397728 seconds.
  path: Assets
  artifactKey: Guid(00000000000000001000000000000000) Importer(815301076,1909f56bfc062723c751e8b465ee728b)
Start importing Assets using Guid(00000000000000001000000000000000) Importer(815301076,1909f56bfc062723c751e8b465ee728b)  -> (artifact id: 'edc3feb264a98656617d3c2cb59c8f16') in 0.008168 seconds
  Import took 0.010409 seconds .

========================================================================
Received Import Request.
  Time since last request: 10.054661 seconds.
  path: Assets/Tutorial
  artifactKey: Guid(e759f886fa6fb594bad599a349e0f04e) Importer(815301076,1909f56bfc062723c751e8b465ee728b)
Start importing Assets/Tutorial using Guid(e759f886fa6fb594bad599a349e0f04e) Importer(815301076,1909f56bfc062723c751e8b465ee728b)  -> (artifact id: 'c1a902fa6e5df9d9fcebacde08911ed5') in 0.005400 seconds
  Import took 0.007512 seconds .

========================================================================
Received Import Request.
  Time since last request: 83.214151 seconds.
  path: Assets/New Folder
  artifactKey: Guid(8b682b16bdeb0794da4589e8feb84cfe) Importer(815301076,1909f56bfc062723c751e8b465ee728b)
Start importing Assets/New Folder using Guid(8b682b16bdeb0794da4589e8feb84cfe) Importer(815301076,1909f56bfc062723c751e8b465ee728b)  -> (artifact id: '6741340ef46e90bb41019d0d9c030ebe') in 0.006343 seconds
  Import took 0.008776 seconds .

========================================================================
Received Import Request.
  Time since last request: 14.533274 seconds.
  path: Assets/ExampleAssets
  artifactKey: Guid(990f5c2df70993f4987a388ca178996a) Importer(815301076,1909f56bfc062723c751e8b465ee728b)
Start importing Assets/ExampleAssets using Guid(990f5c2df70993f4987a388ca178996a) Importer(815301076,1909f56bfc062723c751e8b465ee728b)  -> (artifact id: 'f272dcc14a2efea2689e40adc6cf5ad3') in 0.005255 seconds
  Import took 0.007695 seconds .

========================================================================
Received Import Request.
  Time since last request: 6.640946 seconds.
  path: Assets/Settings
  artifactKey: Guid(0735c275001a2c84dafdb30deced5d8d) Importer(815301076,1909f56bfc062723c751e8b465ee728b)
Start importing Assets/Settings using Guid(0735c275001a2c84dafdb30deced5d8d) Importer(815301076,1909f56bfc062723c751e8b465ee728b)  -> (artifact id: 'b75bb639ebbdaddb24eaaff687def2c8') in 0.007280 seconds
  Import took 0.009672 seconds .

========================================================================
Received Import Request.
  Time since last request: 1.054160 seconds.
  path: Assets/Scripts
  artifactKey: Guid(02a3527b6b33a924e8ec66aa805ea717) Importer(815301076,1909f56bfc062723c751e8b465ee728b)
Start importing Assets/Scripts using Guid(02a3527b6b33a924e8ec66aa805ea717) Importer(815301076,1909f56bfc062723c751e8b465ee728b)  -> (artifact id: '8b355bd5aa27b36226c6643d416f2f36') in 0.007054 seconds
  Import took 0.009081 seconds .

========================================================================
Received Import Request.
  Time since last request: 0.551113 seconds.
  path: Assets/Scenes
  artifactKey: Guid(db7b72a3538357042af92484c1f10779) Importer(815301076,1909f56bfc062723c751e8b465ee728b)
Start importing Assets/Scenes using Guid(db7b72a3538357042af92484c1f10779) Importer(815301076,1909f56bfc062723c751e8b465ee728b)  -> (artifact id: '6213b72c466cf8cb0aaa0061a9140980') in 0.005594 seconds
  Import took 0.007336 seconds .

========================================================================
Received Import Request.
  Time since last request: 0.298245 seconds.
  path: Assets/Presets
  artifactKey: Guid(558255460b74ec04fa70b5570e9327bd) Importer(815301076,1909f56bfc062723c751e8b465ee728b)
Start importing Assets/Presets using Guid(558255460b74ec04fa70b5570e9327bd) Importer(815301076,1909f56bfc062723c751e8b465ee728b)  -> (artifact id: '5563b3e6401896d5d29437802bd2e604') in 0.004877 seconds
  Import took 0.006570 seconds .

========================================================================
Received Import Request.
  Time since last request: 0.353747 seconds.
  path: Assets/Materials
  artifactKey: Guid(d0234ba368eeec9418390da711bfdad0) Importer(815301076,1909f56bfc062723c751e8b465ee728b)
Start importing Assets/Materials using Guid(d0234ba368eeec9418390da711bfdad0) Importer(815301076,1909f56bfc062723c751e8b465ee728b)  -> (artifact id: 'c9b20449dc8cb8f7422ac759c624d678') in 0.005335 seconds
  Import took 0.007130 seconds .

========================================================================
Received Prepare
Registering precompiled user dll's ...
Registered in 0.000720 seconds.
Begin MonoManager ReloadAssembly
Native extension for WindowsStandalone target not found
Refreshing native plugins compatible for Editor in 0.30 ms, found 0 plugins.
Preloading 0 native plugins for Editor in 0.00 ms.
Invoked RoslynAnalysisRunner static constructor.
RoslynAnalysisRunner will not be running.
RoslynAnalysisRunner has terminated.
Mono: successfully reloaded assembly
- Completed reload, in  0.418 seconds
Platform modules already initialized, skipping
Shader 'Universal Render Pipeline/Particles/Lit': fallback shader 'Universal Render Pipeline/Particles/SimpleLit' not found
Shader 'Universal Render Pipeline/Particles/Lit': fallback shader 'Universal Render Pipeline/Particles/SimpleLit' not found
Refreshing native plugins compatible for Editor in 0.31 ms, found 0 plugins.
Preloading 0 native plugins for Editor in 0.00 ms.
Unloading 2353 Unused Serialized files (Serialized files now loaded: 0)
System memory in use before: 105.2 MB.
System memory in use after: 102.0 MB.

Unloading 60 unused Assets to reduce memory usage. Loaded Objects now: 2749.
Total: 2.014600 ms (FindLiveObjects: 0.180900 ms CreateObjectMapping: 0.052000 ms MarkObjects: 1.060800 ms  DeleteObjects: 0.720000 ms)

========================================================================
Received Import Request.
  Time since last request: 15.546238 seconds.
  path: Assets/TutorialInfo
  artifactKey: Guid(49110bb8dcada46328ad741970bce702) Importer(815301076,1909f56bfc062723c751e8b465ee728b)
Start importing Assets/TutorialInfo using Guid(49110bb8dcada46328ad741970bce702) Importer(815301076,1909f56bfc062723c751e8b465ee728b)  -> (artifact id: '86eafc180bb4e2dd584f4fa6ba700342') in 0.011145 seconds
  Import took 0.013884 seconds .

========================================================================
Received Prepare
Registering precompiled user dll's ...
Registered in 0.000692 seconds.
Begin MonoManager ReloadAssembly
Native extension for WindowsStandalone target not found
Refreshing native plugins compatible for Editor in 0.31 ms, found 0 plugins.
Preloading 0 native plugins for Editor in 0.00 ms.
Invoked RoslynAnalysisRunner static constructor.
RoslynAnalysisRunner will not be running.
RoslynAnalysisRunner has terminated.
Mono: successfully reloaded assembly
- Completed reload, in  0.408 seconds
Platform modules already initialized, skipping
Shader 'Universal Render Pipeline/Particles/Lit': fallback shader 'Universal Render Pipeline/Particles/SimpleLit' not found
Shader 'Universal Render Pipeline/Particles/Lit': fallback shader 'Universal Render Pipeline/Particles/SimpleLit' not found
Refreshing native plugins compatible for Editor in 0.31 ms, found 0 plugins.
Preloading 0 native plugins for Editor in 0.00 ms.
Unloading 2353 Unused Serialized files (Serialized files now loaded: 0)
System memory in use before: 105.2 MB.
System memory in use after: 102.0 MB.

Unloading 60 unused Assets to reduce memory usage. Loaded Objects now: 2751.
Total: 2.063700 ms (FindLiveObjects: 0.138500 ms CreateObjectMapping: 0.038100 ms MarkObjects: 1.152200 ms  DeleteObjects: 0.734200 ms)

========================================================================
Received Import Request.
  Time since last request: 338.715441 seconds.
  path: Assets/Materials
  artifactKey: Guid(0d6a77b7d4a82944483c8fbb35732965) Importer(815301076,1909f56bfc062723c751e8b465ee728b)
Start importing Assets/Materials using Guid(0d6a77b7d4a82944483c8fbb35732965) Importer(815301076,1909f56bfc062723c751e8b465ee728b)  -> (artifact id: 'e20881342997d6e618eba0d8bd60f374') in 0.008866 seconds
  Import took 0.011435 seconds .

========================================================================
Received Import Request.
  Time since last request: 17.639616 seconds.
  path: Assets/Materials/Background.mat
  artifactKey: Guid(cebbd3326c115ec4b8bb0990510e1fa8) Importer(815301076,1909f56bfc062723c751e8b465ee728b)
Start importing Assets/Materials/Background.mat using Guid(cebbd3326c115ec4b8bb0990510e1fa8) Importer(815301076,1909f56bfc062723c751e8b465ee728b)  -> (artifact id: '04da13b95d9dadfd6b0f7f053914946f') in 0.065576 seconds
  Import took 0.068008 seconds .

========================================================================
Received Import Request.
  Time since last request: 60.433698 seconds.
  path: Assets/Materials/Background.mat
  artifactKey: Guid(cebbd3326c115ec4b8bb0990510e1fa8) Importer(815301076,1909f56bfc062723c751e8b465ee728b)
Start importing Assets/Materials/Background.mat using Guid(cebbd3326c115ec4b8bb0990510e1fa8) Importer(815301076,1909f56bfc062723c751e8b465ee728b)  -> (artifact id: 'deacbd9cacf28a6ede75a2066517a4db') in 0.021917 seconds
  Import took 0.024139 seconds .

========================================================================
Received Import Request.
  Time since last request: 0.000119 seconds.
  path: Assets/Materials/Player.mat
  artifactKey: Guid(fca56c66ccd281b4590cd1168716c46a) Importer(815301076,1909f56bfc062723c751e8b465ee728b)
Start importing Assets/Materials/Player.mat using Guid(fca56c66ccd281b4590cd1168716c46a) Importer(815301076,1909f56bfc062723c751e8b465ee728b)  -> (artifact id: '232a31f4c16ba7c4bd3e91d310673e61') in 0.009093 seconds
  Import took 0.010652 seconds .

========================================================================
Received Prepare
Registering precompiled user dll's ...
Registered in 0.000842 seconds.
Begin MonoManager ReloadAssembly
Native extension for WindowsStandalone target not found
Refreshing native plugins compatible for Editor in 25.21 ms, found 0 plugins.
Preloading 0 native plugins for Editor in 0.00 ms.
Invoked RoslynAnalysisRunner static constructor.
RoslynAnalysisRunner will not be running.
RoslynAnalysisRunner has terminated.
Mono: successfully reloaded assembly
- Completed reload, in  0.381 seconds
Platform modules already initialized, skipping
Shader 'Universal Render Pipeline/Particles/Lit': fallback shader 'Universal Render Pipeline/Particles/SimpleLit' not found
Shader 'Universal Render Pipeline/Particles/Lit': fallback shader 'Universal Render Pipeline/Particles/SimpleLit' not found
Refreshing native plugins compatible for Editor in 0.34 ms, found 0 plugins.
Preloading 0 native plugins for Editor in 0.00 ms.
Unloading 2649 Unused Serialized files (Serialized files now loaded: 0)
System memory in use before: 118.1 MB.
System memory in use after: 114.8 MB.

Unloading 58 unused Assets to reduce memory usage. Loaded Objects now: 3089.
Total: 1.872200 ms (FindLiveObjects: 0.161500 ms CreateObjectMapping: 0.038200 ms MarkObjects: 0.912700 ms  DeleteObjects: 0.759000 ms)

AssetImportParameters requested are different than current active one (requested -> active):
  custom:srp/default-shader: 0000e00a000e0de00000e000e0000000 -> 00a0da0d000000000000000000000000
AssetImportWorkerClient::OnTransportError - code=2 error=End of file
