Using pre-set license
Built from '2020.2/release' branch; Version is '2020.2.4f1 (becced5a802b) revision 12504301'; Using compiler version '192528614'; Build Type 'Release'
OS: 'Windows 10 Pro; OS build 26100.3476; Version 2009; 64bit' Language: 'en' Physical Memory: 31962 MB
BatchMode: 1, IsHumanControllingUs: 0, StartBugReporterOnCrash: 0, Is64bit: 1, IsPro: 0

 COMMAND LINE ARGUMENTS:
C:\Program Files\Unity\Hub\Editor\2020.2.4f1\Editor\Unity.exe
-adb2
-batchMode
-noUpm
-name
AssetImportWorker0
-projectPath
C:/Users/Jordi/My project
-logFile
Logs/AssetImportWorker0.log
-srvPort
60209
Successfully changed project path to: C:/Users/Jordi/My project
C:/Users/Jordi/My project
Using Asset Import Pipeline V2.
Refreshing native plugins compatible for Editor in 26.12 ms, found 0 plugins.
Preloading 0 native plugins for Editor in 0.00 ms.
Initialize engine version: 2020.2.4f1 (becced5a802b)
[Subsystems] Discovering subsystems at path C:/Program Files/Unity/Hub/Editor/2020.2.4f1/Editor/Data/Resources/UnitySubsystems
[Subsystems] Discovering subsystems at path C:/Users/Jordi/My project/Assets
GfxDevice: creating device client; threaded=0
Direct3D:
    Version:  Direct3D 11.0 [level 11.1]
    Renderer: NVIDIA GeForce RTX 4070 SUPER (ID=0x2783)
    Vendor:   
    VRAM:     11999 MB
    Driver:   32.0.15.7270
Shader 'Universal Render Pipeline/Particles/Lit': fallback shader 'Universal Render Pipeline/Particles/SimpleLit' not found
Initialize mono
Mono path[0] = 'C:/Program Files/Unity/Hub/Editor/2020.2.4f1/Editor/Data/Managed'
Mono path[1] = 'C:/Program Files/Unity/Hub/Editor/2020.2.4f1/Editor/Data/MonoBleedingEdge/lib/mono/unityjit'
Mono config path = 'C:/Program Files/Unity/Hub/Editor/2020.2.4f1/Editor/Data/MonoBleedingEdge/etc'
Using monoOptions --debugger-agent=transport=dt_socket,embedding=1,server=y,suspend=n,address=127.0.0.1:56792
Begin MonoManager ReloadAssembly
Registering precompiled unity dll's ...
Register platform support module: C:/Program Files/Unity/Hub/Editor/2020.2.4f1/Editor/Data/PlaybackEngines/WindowsStandaloneSupport/UnityEditor.WindowsStandalone.Extensions.dll
Registered in 0.000995 seconds.
Native extension for WindowsStandalone target not found
Refreshing native plugins compatible for Editor in 25.86 ms, found 0 plugins.
Preloading 0 native plugins for Editor in 0.00 ms.
Invoked RoslynAnalysisRunner static constructor.
RoslynAnalysisRunner will not be running.
RoslynAnalysisRunner has terminated.
Mono: successfully reloaded assembly
- Completed reload, in  0.544 seconds
Platform modules already initialized, skipping
Registering precompiled user dll's ...
Registered in 0.000744 seconds.
Begin MonoManager ReloadAssembly
Native extension for WindowsStandalone target not found
Refreshing native plugins compatible for Editor in 27.70 ms, found 0 plugins.
Preloading 0 native plugins for Editor in 0.00 ms.
Invoked RoslynAnalysisRunner static constructor.
RoslynAnalysisRunner will not be running.
RoslynAnalysisRunner has terminated.
Mono: successfully reloaded assembly
- Completed reload, in  0.487 seconds
Platform modules already initialized, skipping
========================================================================
Worker process is ready to serve import requests
Shader 'Universal Render Pipeline/Particles/Lit': fallback shader 'Universal Render Pipeline/Particles/SimpleLit' not found
Launched and connected shader compiler UnityShaderCompiler.exe after 0.03 seconds
Refreshing native plugins compatible for Editor in 0.54 ms, found 0 plugins.
Preloading 0 native plugins for Editor in 0.00 ms.
Unloading 2704 Unused Serialized files (Serialized files now loaded: 0)
System memory in use before: 123.4 MB.
System memory in use after: 123.6 MB.

Unloading 12 unused Assets to reduce memory usage. Loaded Objects now: 3150.
Total: 1.569000 ms (FindLiveObjects: 0.210000 ms CreateObjectMapping: 0.053600 ms MarkObjects: 1.268200 ms  DeleteObjects: 0.036600 ms)

========================================================================
Received Import Request.
  path: Assets/Materials/Player.mat
  artifactKey: Guid(fca56c66ccd281b4590cd1168716c46a) Importer(815301076,1909f56bfc062723c751e8b465ee728b)
Start importing Assets/Materials/Player.mat using Guid(fca56c66ccd281b4590cd1168716c46a) Importer(815301076,1909f56bfc062723c751e8b465ee728b)  -> (artifact id: '4bcf92542b1a1e62bfcf968ac7d260fa') in 0.139779 seconds
  Import took 0.142563 seconds .

========================================================================
Received Prepare
Registering precompiled user dll's ...
Registered in 0.000747 seconds.
Begin MonoManager ReloadAssembly
Native extension for WindowsStandalone target not found
Refreshing native plugins compatible for Editor in 0.32 ms, found 0 plugins.
Preloading 0 native plugins for Editor in 0.00 ms.
Invoked RoslynAnalysisRunner static constructor.
RoslynAnalysisRunner will not be running.
RoslynAnalysisRunner has terminated.
Mono: successfully reloaded assembly
- Completed reload, in  0.475 seconds
Platform modules already initialized, skipping
Shader 'Universal Render Pipeline/Particles/Lit': fallback shader 'Universal Render Pipeline/Particles/SimpleLit' not found
Refreshing native plugins compatible for Editor in 0.56 ms, found 0 plugins.
Preloading 0 native plugins for Editor in 0.00 ms.
Unloading 2594 Unused Serialized files (Serialized files now loaded: 0)
System memory in use before: 123.0 MB.
System memory in use after: 123.3 MB.

Unloading 5 unused Assets to reduce memory usage. Loaded Objects now: 3230.
Total: 1.767100 ms (FindLiveObjects: 0.216500 ms CreateObjectMapping: 0.046900 ms MarkObjects: 1.487700 ms  DeleteObjects: 0.015400 ms)

========================================================================
Received Prepare
Shader 'Universal Render Pipeline/Particles/Lit': fallback shader 'Universal Render Pipeline/Particles/SimpleLit' not found
Refreshing native plugins compatible for Editor in 1.52 ms, found 0 plugins.
Preloading 0 native plugins for Editor in 0.00 ms.
Unloading 3 Unused Serialized files (Serialized files now loaded: 0)
System memory in use before: 71.9 MB.
System memory in use after: 72.1 MB.

Unloading 3 unused Assets to reduce memory usage. Loaded Objects now: 3230.
Total: 1.578700 ms (FindLiveObjects: 0.217700 ms CreateObjectMapping: 0.037600 ms MarkObjects: 1.313500 ms  DeleteObjects: 0.009300 ms)

========================================================================
Received Import Request.
  Time since last request: 137.174858 seconds.
  path: Assets/Scripts
  artifactKey: Guid(dba56acb587a3df4b9e1ab047acc6caa) Importer(815301076,1909f56bfc062723c751e8b465ee728b)
Start importing Assets/Scripts using Guid(dba56acb587a3df4b9e1ab047acc6caa) Importer(815301076,1909f56bfc062723c751e8b465ee728b)  -> (artifact id: '8eb54ed9a159c46c1c012921212f6e6f') in 0.006002 seconds
  Import took 0.009015 seconds .

========================================================================
Received Prepare
Registering precompiled user dll's ...
Registered in 0.000725 seconds.
Begin MonoManager ReloadAssembly
Native extension for WindowsStandalone target not found
Refreshing native plugins compatible for Editor in 0.33 ms, found 0 plugins.
Preloading 0 native plugins for Editor in 0.00 ms.
Invoked RoslynAnalysisRunner static constructor.
RoslynAnalysisRunner will not be running.
RoslynAnalysisRunner has terminated.
Mono: successfully reloaded assembly
- Completed reload, in  0.457 seconds
Platform modules already initialized, skipping
Shader 'Universal Render Pipeline/Particles/Lit': fallback shader 'Universal Render Pipeline/Particles/SimpleLit' not found
Refreshing native plugins compatible for Editor in 0.44 ms, found 0 plugins.
Preloading 0 native plugins for Editor in 0.00 ms.
Unloading 2595 Unused Serialized files (Serialized files now loaded: 0)
System memory in use before: 123.1 MB.
System memory in use after: 123.3 MB.

Unloading 5 unused Assets to reduce memory usage. Loaded Objects now: 3233.
Total: 1.555600 ms (FindLiveObjects: 0.141700 ms CreateObjectMapping: 0.041000 ms MarkObjects: 1.360600 ms  DeleteObjects: 0.011800 ms)

========================================================================
Received Prepare
Registering precompiled user dll's ...
Registered in 0.000684 seconds.
Begin MonoManager ReloadAssembly
Native extension for WindowsStandalone target not found
Refreshing native plugins compatible for Editor in 0.34 ms, found 0 plugins.
Preloading 0 native plugins for Editor in 0.00 ms.
Invoked RoslynAnalysisRunner static constructor.
RoslynAnalysisRunner will not be running.
RoslynAnalysisRunner has terminated.
Mono: successfully reloaded assembly
- Completed reload, in  0.452 seconds
Platform modules already initialized, skipping
Shader 'Universal Render Pipeline/Particles/Lit': fallback shader 'Universal Render Pipeline/Particles/SimpleLit' not found
Refreshing native plugins compatible for Editor in 0.52 ms, found 0 plugins.
Preloading 0 native plugins for Editor in 0.00 ms.
Unloading 2595 Unused Serialized files (Serialized files now loaded: 0)
System memory in use before: 123.1 MB.
System memory in use after: 123.4 MB.

Unloading 5 unused Assets to reduce memory usage. Loaded Objects now: 3235.
Total: 1.530300 ms (FindLiveObjects: 0.183000 ms CreateObjectMapping: 0.053800 ms MarkObjects: 1.277700 ms  DeleteObjects: 0.015100 ms)

========================================================================
Received Import Request.
  Time since last request: 67.221580 seconds.
  path: Assets/Scripts/PlayerController.cs
  artifactKey: Guid(0bf45d9a66262464a853b4f056b0960a) Importer(815301076,1909f56bfc062723c751e8b465ee728b)
Start importing Assets/Scripts/PlayerController.cs using Guid(0bf45d9a66262464a853b4f056b0960a) Importer(815301076,1909f56bfc062723c751e8b465ee728b)  -> (artifact id: '6b12df20631bbb7c305be0bc5a8fc264') in 0.011491 seconds
  Import took 0.014221 seconds .

========================================================================
Received Import Request.
  Time since last request: 199.635301 seconds.
  path: Assets/Scripts/PlayerController.cs
  artifactKey: Guid(0bf45d9a66262464a853b4f056b0960a) Importer(815301076,1909f56bfc062723c751e8b465ee728b)
Start importing Assets/Scripts/PlayerController.cs using Guid(0bf45d9a66262464a853b4f056b0960a) Importer(815301076,1909f56bfc062723c751e8b465ee728b)  -> (artifact id: 'e8835550146add27c495b6e4c6f95fe9') in 0.001771 seconds
  Import took 0.004949 seconds .

========================================================================
Received Import Request.
  Time since last request: 33.259668 seconds.
  path: Assets/Scripts/PlayerController.cs
  artifactKey: Guid(0bf45d9a66262464a853b4f056b0960a) Importer(815301076,1909f56bfc062723c751e8b465ee728b)
Start importing Assets/Scripts/PlayerController.cs using Guid(0bf45d9a66262464a853b4f056b0960a) Importer(815301076,1909f56bfc062723c751e8b465ee728b)  -> (artifact id: '526967917c316be423b9e0ddf717e40a') in 0.001445 seconds
  Import took 0.004477 seconds .

========================================================================
Received Import Request.
  Time since last request: 44.979484 seconds.
  path: Assets/Scripts/PlayerController.cs
  artifactKey: Guid(0bf45d9a66262464a853b4f056b0960a) Importer(815301076,1909f56bfc062723c751e8b465ee728b)
Start importing Assets/Scripts/PlayerController.cs using Guid(0bf45d9a66262464a853b4f056b0960a) Importer(815301076,1909f56bfc062723c751e8b465ee728b)  -> (artifact id: 'e7e7bd2bf1525ce6ae017f2f8a45049b') in 0.001482 seconds
  Import took 0.004059 seconds .

========================================================================
Received Prepare
Registering precompiled user dll's ...
Registered in 0.000732 seconds.
Begin MonoManager ReloadAssembly
Native extension for WindowsStandalone target not found
Refreshing native plugins compatible for Editor in 0.36 ms, found 0 plugins.
Preloading 0 native plugins for Editor in 0.00 ms.
Invoked RoslynAnalysisRunner static constructor.
RoslynAnalysisRunner will not be running.
RoslynAnalysisRunner has terminated.
Mono: successfully reloaded assembly
- Completed reload, in  0.451 seconds
Platform modules already initialized, skipping
Shader 'Universal Render Pipeline/Particles/Lit': fallback shader 'Universal Render Pipeline/Particles/SimpleLit' not found
Refreshing native plugins compatible for Editor in 0.53 ms, found 0 plugins.
Preloading 0 native plugins for Editor in 0.00 ms.
Unloading 2595 Unused Serialized files (Serialized files now loaded: 0)
System memory in use before: 123.2 MB.
System memory in use after: 123.4 MB.

Unloading 5 unused Assets to reduce memory usage. Loaded Objects now: 3237.
Total: 1.739900 ms (FindLiveObjects: 0.184400 ms CreateObjectMapping: 0.053600 ms MarkObjects: 1.489500 ms  DeleteObjects: 0.011400 ms)

========================================================================
Received Import Request.
  Time since last request: 195.595913 seconds.
  path: Assets/Scripts/PlayerController.cs
  artifactKey: Guid(0bf45d9a66262464a853b4f056b0960a) Importer(815301076,1909f56bfc062723c751e8b465ee728b)
Start importing Assets/Scripts/PlayerController.cs using Guid(0bf45d9a66262464a853b4f056b0960a) Importer(815301076,1909f56bfc062723c751e8b465ee728b)  -> (artifact id: '9f6f9f40c11ac8b5661793dc69152456') in 0.003892 seconds
  Import took 0.006277 seconds .

========================================================================
Received Import Request.
  Time since last request: 1.014109 seconds.
  path: Assets/Scripts/PlayerController.cs
  artifactKey: Guid(0bf45d9a66262464a853b4f056b0960a) Importer(815301076,1909f56bfc062723c751e8b465ee728b)
Start importing Assets/Scripts/PlayerController.cs using Guid(0bf45d9a66262464a853b4f056b0960a) Importer(815301076,1909f56bfc062723c751e8b465ee728b)  -> (artifact id: '9f6f9f40c11ac8b5661793dc69152456') in 0.001458 seconds
  Import took 0.004278 seconds .

========================================================================
Received Prepare
Registering precompiled user dll's ...
Registered in 0.000744 seconds.
Begin MonoManager ReloadAssembly
Native extension for WindowsStandalone target not found
Refreshing native plugins compatible for Editor in 0.32 ms, found 0 plugins.
Preloading 0 native plugins for Editor in 0.00 ms.
Invoked RoslynAnalysisRunner static constructor.
RoslynAnalysisRunner will not be running.
RoslynAnalysisRunner has terminated.
Mono: successfully reloaded assembly
- Completed reload, in  0.467 seconds
Platform modules already initialized, skipping
Shader 'Universal Render Pipeline/Particles/Lit': fallback shader 'Universal Render Pipeline/Particles/SimpleLit' not found
Refreshing native plugins compatible for Editor in 0.55 ms, found 0 plugins.
Preloading 0 native plugins for Editor in 0.00 ms.
Unloading 2595 Unused Serialized files (Serialized files now loaded: 0)
System memory in use before: 123.2 MB.
System memory in use after: 123.4 MB.

Unloading 5 unused Assets to reduce memory usage. Loaded Objects now: 3239.
Total: 1.874700 ms (FindLiveObjects: 0.250800 ms CreateObjectMapping: 0.091700 ms MarkObjects: 1.517900 ms  DeleteObjects: 0.013300 ms)

========================================================================
Received Prepare
Registering precompiled user dll's ...
Registered in 0.000726 seconds.
Begin MonoManager ReloadAssembly
Native extension for WindowsStandalone target not found
Refreshing native plugins compatible for Editor in 0.35 ms, found 0 plugins.
Preloading 0 native plugins for Editor in 0.00 ms.
Invoked RoslynAnalysisRunner static constructor.
RoslynAnalysisRunner will not be running.
RoslynAnalysisRunner has terminated.
Mono: successfully reloaded assembly
- Completed reload, in  0.495 seconds
Platform modules already initialized, skipping
Shader 'Universal Render Pipeline/Particles/Lit': fallback shader 'Universal Render Pipeline/Particles/SimpleLit' not found
Refreshing native plugins compatible for Editor in 0.75 ms, found 0 plugins.
Preloading 0 native plugins for Editor in 0.00 ms.
Unloading 2595 Unused Serialized files (Serialized files now loaded: 0)
System memory in use before: 123.2 MB.
System memory in use after: 123.4 MB.

Unloading 5 unused Assets to reduce memory usage. Loaded Objects now: 3241.
Total: 1.730200 ms (FindLiveObjects: 0.211600 ms CreateObjectMapping: 0.048100 ms MarkObjects: 1.456800 ms  DeleteObjects: 0.012900 ms)

========================================================================
Received Prepare
Registering precompiled user dll's ...
Registered in 0.000829 seconds.
Begin MonoManager ReloadAssembly
Native extension for WindowsStandalone target not found
Refreshing native plugins compatible for Editor in 0.33 ms, found 0 plugins.
Preloading 0 native plugins for Editor in 0.00 ms.
Invoked RoslynAnalysisRunner static constructor.
RoslynAnalysisRunner will not be running.
RoslynAnalysisRunner has terminated.
Mono: successfully reloaded assembly
- Completed reload, in  0.474 seconds
Platform modules already initialized, skipping
Shader 'Universal Render Pipeline/Particles/Lit': fallback shader 'Universal Render Pipeline/Particles/SimpleLit' not found
Refreshing native plugins compatible for Editor in 0.47 ms, found 0 plugins.
Preloading 0 native plugins for Editor in 0.00 ms.
Unloading 2595 Unused Serialized files (Serialized files now loaded: 0)
System memory in use before: 123.2 MB.
System memory in use after: 123.4 MB.

Unloading 5 unused Assets to reduce memory usage. Loaded Objects now: 3243.
Total: 2.219700 ms (FindLiveObjects: 0.220000 ms CreateObjectMapping: 0.055400 ms MarkObjects: 1.929200 ms  DeleteObjects: 0.014300 ms)

========================================================================
Received Prepare
Registering precompiled user dll's ...
Registered in 0.000726 seconds.
Begin MonoManager ReloadAssembly
Native extension for WindowsStandalone target not found
Refreshing native plugins compatible for Editor in 0.32 ms, found 0 plugins.
Preloading 0 native plugins for Editor in 0.00 ms.
Invoked RoslynAnalysisRunner static constructor.
RoslynAnalysisRunner will not be running.
RoslynAnalysisRunner has terminated.
Mono: successfully reloaded assembly
- Completed reload, in  0.446 seconds
Platform modules already initialized, skipping
Shader 'Universal Render Pipeline/Particles/Lit': fallback shader 'Universal Render Pipeline/Particles/SimpleLit' not found
Refreshing native plugins compatible for Editor in 0.56 ms, found 0 plugins.
Preloading 0 native plugins for Editor in 0.00 ms.
Unloading 2595 Unused Serialized files (Serialized files now loaded: 0)
System memory in use before: 123.2 MB.
System memory in use after: 123.4 MB.

Unloading 5 unused Assets to reduce memory usage. Loaded Objects now: 3245.
Total: 1.652700 ms (FindLiveObjects: 0.290700 ms CreateObjectMapping: 0.067600 ms MarkObjects: 1.275600 ms  DeleteObjects: 0.018100 ms)

========================================================================
Received Prepare
Registering precompiled user dll's ...
Registered in 0.000827 seconds.
Begin MonoManager ReloadAssembly
Native extension for WindowsStandalone target not found
Refreshing native plugins compatible for Editor in 0.33 ms, found 0 plugins.
Preloading 0 native plugins for Editor in 0.00 ms.
Invoked RoslynAnalysisRunner static constructor.
RoslynAnalysisRunner will not be running.
RoslynAnalysisRunner has terminated.
Mono: successfully reloaded assembly
- Completed reload, in  0.469 seconds
Platform modules already initialized, skipping
Shader 'Universal Render Pipeline/Particles/Lit': fallback shader 'Universal Render Pipeline/Particles/SimpleLit' not found
Refreshing native plugins compatible for Editor in 0.52 ms, found 0 plugins.
Preloading 0 native plugins for Editor in 0.00 ms.
Unloading 2595 Unused Serialized files (Serialized files now loaded: 0)
System memory in use before: 123.2 MB.
System memory in use after: 123.4 MB.

Unloading 5 unused Assets to reduce memory usage. Loaded Objects now: 3247.
Total: 1.706100 ms (FindLiveObjects: 0.194600 ms CreateObjectMapping: 0.045400 ms MarkObjects: 1.452600 ms  DeleteObjects: 0.012600 ms)

========================================================================
Received Prepare
Registering precompiled user dll's ...
Registered in 0.000746 seconds.
Begin MonoManager ReloadAssembly
Native extension for WindowsStandalone target not found
Refreshing native plugins compatible for Editor in 0.36 ms, found 0 plugins.
Preloading 0 native plugins for Editor in 0.00 ms.
Invoked RoslynAnalysisRunner static constructor.
RoslynAnalysisRunner will not be running.
RoslynAnalysisRunner has terminated.
Mono: successfully reloaded assembly
- Completed reload, in  0.474 seconds
Platform modules already initialized, skipping
Shader 'Universal Render Pipeline/Particles/Lit': fallback shader 'Universal Render Pipeline/Particles/SimpleLit' not found
Refreshing native plugins compatible for Editor in 0.54 ms, found 0 plugins.
Preloading 0 native plugins for Editor in 0.00 ms.
Unloading 2596 Unused Serialized files (Serialized files now loaded: 0)
System memory in use before: 123.2 MB.
System memory in use after: 123.4 MB.

Unloading 5 unused Assets to reduce memory usage. Loaded Objects now: 3250.
Total: 1.789700 ms (FindLiveObjects: 0.301700 ms CreateObjectMapping: 0.082000 ms MarkObjects: 1.391600 ms  DeleteObjects: 0.013600 ms)

========================================================================
Received Prepare
Registering precompiled user dll's ...
Registered in 0.000719 seconds.
Begin MonoManager ReloadAssembly
Native extension for WindowsStandalone target not found
Refreshing native plugins compatible for Editor in 0.33 ms, found 0 plugins.
Preloading 0 native plugins for Editor in 0.00 ms.
Invoked RoslynAnalysisRunner static constructor.
RoslynAnalysisRunner will not be running.
RoslynAnalysisRunner has terminated.
Mono: successfully reloaded assembly
- Completed reload, in  0.449 seconds
Platform modules already initialized, skipping
Shader 'Universal Render Pipeline/Particles/Lit': fallback shader 'Universal Render Pipeline/Particles/SimpleLit' not found
Refreshing native plugins compatible for Editor in 0.55 ms, found 0 plugins.
Preloading 0 native plugins for Editor in 0.00 ms.
Unloading 2596 Unused Serialized files (Serialized files now loaded: 0)
System memory in use before: 123.2 MB.
System memory in use after: 123.5 MB.

Unloading 5 unused Assets to reduce memory usage. Loaded Objects now: 3252.
Total: 1.625400 ms (FindLiveObjects: 0.215100 ms CreateObjectMapping: 0.075600 ms MarkObjects: 1.322400 ms  DeleteObjects: 0.011500 ms)

========================================================================
Received Prepare
Registering precompiled user dll's ...
Registered in 0.000691 seconds.
Begin MonoManager ReloadAssembly
Native extension for WindowsStandalone target not found
Refreshing native plugins compatible for Editor in 0.32 ms, found 0 plugins.
Preloading 0 native plugins for Editor in 0.00 ms.
Invoked RoslynAnalysisRunner static constructor.
RoslynAnalysisRunner will not be running.
RoslynAnalysisRunner has terminated.
Mono: successfully reloaded assembly
- Completed reload, in  0.455 seconds
Platform modules already initialized, skipping
Shader 'Universal Render Pipeline/Particles/Lit': fallback shader 'Universal Render Pipeline/Particles/SimpleLit' not found
Refreshing native plugins compatible for Editor in 0.52 ms, found 0 plugins.
Preloading 0 native plugins for Editor in 0.00 ms.
Unloading 2596 Unused Serialized files (Serialized files now loaded: 0)
System memory in use before: 123.2 MB.
System memory in use after: 123.5 MB.

Unloading 5 unused Assets to reduce memory usage. Loaded Objects now: 3254.
Total: 1.825900 ms (FindLiveObjects: 0.173200 ms CreateObjectMapping: 0.057500 ms MarkObjects: 1.581100 ms  DeleteObjects: 0.013400 ms)

========================================================================
Received Import Request.
  Time since last request: 463.297378 seconds.
  path: Assets/Scripts/PlayerController.cs
  artifactKey: Guid(0bf45d9a66262464a853b4f056b0960a) Importer(815301076,1909f56bfc062723c751e8b465ee728b)
Start importing Assets/Scripts/PlayerController.cs using Guid(0bf45d9a66262464a853b4f056b0960a) Importer(815301076,1909f56bfc062723c751e8b465ee728b)  -> (artifact id: '3e4f7f65686cd903e8a0ee6080c1f3d6') in 0.003557 seconds
  Import took 0.005984 seconds .

========================================================================
Received Import Request.
  Time since last request: 0.000127 seconds.
  path: Assets/Scripts/CameraController.cs
  artifactKey: Guid(9a6ba507e321e884181d8abce2297199) Importer(815301076,1909f56bfc062723c751e8b465ee728b)
Start importing Assets/Scripts/CameraController.cs using Guid(9a6ba507e321e884181d8abce2297199) Importer(815301076,1909f56bfc062723c751e8b465ee728b)  -> (artifact id: 'ecde2279f82d681e83a990fcc704dda7') in 0.006673 seconds
  Import took 0.008434 seconds .

========================================================================
Received Prepare
Registering precompiled user dll's ...
Registered in 0.000786 seconds.
Begin MonoManager ReloadAssembly
Native extension for WindowsStandalone target not found
Refreshing native plugins compatible for Editor in 0.33 ms, found 0 plugins.
Preloading 0 native plugins for Editor in 0.00 ms.
Invoked RoslynAnalysisRunner static constructor.
RoslynAnalysisRunner will not be running.
RoslynAnalysisRunner has terminated.
Mono: successfully reloaded assembly
- Completed reload, in  0.457 seconds
Platform modules already initialized, skipping
Shader 'Universal Render Pipeline/Particles/Lit': fallback shader 'Universal Render Pipeline/Particles/SimpleLit' not found
Refreshing native plugins compatible for Editor in 0.53 ms, found 0 plugins.
Preloading 0 native plugins for Editor in 0.00 ms.
Unloading 2596 Unused Serialized files (Serialized files now loaded: 0)
System memory in use before: 123.2 MB.
System memory in use after: 123.5 MB.

Unloading 5 unused Assets to reduce memory usage. Loaded Objects now: 3256.
Total: 1.647300 ms (FindLiveObjects: 0.156700 ms CreateObjectMapping: 0.036600 ms MarkObjects: 1.442100 ms  DeleteObjects: 0.011200 ms)

========================================================================
Received Import Request.
  Time since last request: 49.008305 seconds.
  path: Assets/Scripts/CameraController.cs
  artifactKey: Guid(9a6ba507e321e884181d8abce2297199) Importer(815301076,1909f56bfc062723c751e8b465ee728b)
Start importing Assets/Scripts/CameraController.cs using Guid(9a6ba507e321e884181d8abce2297199) Importer(815301076,1909f56bfc062723c751e8b465ee728b)  -> (artifact id: 'b5eaedefa37bf34e0c18bbbaa0ec2ab8') in 0.003727 seconds
  Import took 0.006413 seconds .

========================================================================
Received Prepare
Registering precompiled user dll's ...
Registered in 0.000733 seconds.
Begin MonoManager ReloadAssembly
Native extension for WindowsStandalone target not found
Refreshing native plugins compatible for Editor in 0.33 ms, found 0 plugins.
Preloading 0 native plugins for Editor in 0.00 ms.
Invoked RoslynAnalysisRunner static constructor.
RoslynAnalysisRunner will not be running.
RoslynAnalysisRunner has terminated.
Mono: successfully reloaded assembly
- Completed reload, in  0.456 seconds
Platform modules already initialized, skipping
Shader 'Universal Render Pipeline/Particles/Lit': fallback shader 'Universal Render Pipeline/Particles/SimpleLit' not found
Refreshing native plugins compatible for Editor in 0.57 ms, found 0 plugins.
Preloading 0 native plugins for Editor in 0.00 ms.
Unloading 2596 Unused Serialized files (Serialized files now loaded: 0)
System memory in use before: 123.2 MB.
System memory in use after: 123.5 MB.

Unloading 5 unused Assets to reduce memory usage. Loaded Objects now: 3258.
Total: 1.755700 ms (FindLiveObjects: 0.174800 ms CreateObjectMapping: 0.053800 ms MarkObjects: 1.513000 ms  DeleteObjects: 0.013500 ms)

========================================================================
Received Import Request.
  Time since last request: 210.349748 seconds.
  path: Assets/Materials/Walls.mat
  artifactKey: Guid(614634175be1af64baf16790717654e6) Importer(815301076,1909f56bfc062723c751e8b465ee728b)
Start importing Assets/Materials/Walls.mat using Guid(614634175be1af64baf16790717654e6) Importer(815301076,1909f56bfc062723c751e8b465ee728b)  -> (artifact id: '80a608fd4a2789d958a119f64b21f1ad') in 0.093106 seconds
  Import took 0.096326 seconds .

========================================================================
Received Prepare
Registering precompiled user dll's ...
Registered in 0.000798 seconds.
Begin MonoManager ReloadAssembly
Native extension for WindowsStandalone target not found
Refreshing native plugins compatible for Editor in 0.36 ms, found 0 plugins.
Preloading 0 native plugins for Editor in 0.00 ms.
Invoked RoslynAnalysisRunner static constructor.
RoslynAnalysisRunner will not be running.
RoslynAnalysisRunner has terminated.
Mono: successfully reloaded assembly
- Completed reload, in  0.451 seconds
Platform modules already initialized, skipping
Shader 'Universal Render Pipeline/Particles/Lit': fallback shader 'Universal Render Pipeline/Particles/SimpleLit' not found
Refreshing native plugins compatible for Editor in 0.72 ms, found 0 plugins.
Preloading 0 native plugins for Editor in 0.00 ms.
Unloading 2596 Unused Serialized files (Serialized files now loaded: 0)
System memory in use before: 123.4 MB.
System memory in use after: 123.6 MB.

Unloading 5 unused Assets to reduce memory usage. Loaded Objects now: 3296.
Total: 1.608900 ms (FindLiveObjects: 0.163800 ms CreateObjectMapping: 0.040100 ms MarkObjects: 1.391800 ms  DeleteObjects: 0.012500 ms)

========================================================================
Received Import Request.
  Time since last request: 114.518189 seconds.
  path: Assets/Materials/Walls.mat
  artifactKey: Guid(614634175be1af64baf16790717654e6) Importer(815301076,1909f56bfc062723c751e8b465ee728b)
Start importing Assets/Materials/Walls.mat using Guid(614634175be1af64baf16790717654e6) Importer(815301076,1909f56bfc062723c751e8b465ee728b)  -> (artifact id: '72961083176758853c6cf43df9c900ce') in 0.090774 seconds
  Import took 0.093485 seconds .

========================================================================
Received Prepare
Registering precompiled user dll's ...
Registered in 0.001192 seconds.
Begin MonoManager ReloadAssembly
Native extension for WindowsStandalone target not found
Refreshing native plugins compatible for Editor in 0.33 ms, found 0 plugins.
Preloading 0 native plugins for Editor in 0.00 ms.
Invoked RoslynAnalysisRunner static constructor.
RoslynAnalysisRunner will not be running.
RoslynAnalysisRunner has terminated.
Mono: successfully reloaded assembly
- Completed reload, in  0.447 seconds
Platform modules already initialized, skipping
Shader 'Universal Render Pipeline/Particles/Lit': fallback shader 'Universal Render Pipeline/Particles/SimpleLit' not found
Refreshing native plugins compatible for Editor in 0.59 ms, found 0 plugins.
Preloading 0 native plugins for Editor in 0.00 ms.
Unloading 2597 Unused Serialized files (Serialized files now loaded: 0)
System memory in use before: 123.5 MB.
System memory in use after: 123.8 MB.

Unloading 5 unused Assets to reduce memory usage. Loaded Objects now: 3335.
Total: 1.858700 ms (FindLiveObjects: 0.222200 ms CreateObjectMapping: 0.053800 ms MarkObjects: 1.568800 ms  DeleteObjects: 0.012900 ms)

========================================================================
Received Prepare
Registering precompiled user dll's ...
Registered in 0.000696 seconds.
Begin MonoManager ReloadAssembly
Native extension for WindowsStandalone target not found
Refreshing native plugins compatible for Editor in 0.47 ms, found 0 plugins.
Preloading 0 native plugins for Editor in 0.00 ms.
Invoked RoslynAnalysisRunner static constructor.
RoslynAnalysisRunner will not be running.
RoslynAnalysisRunner has terminated.
Mono: successfully reloaded assembly
- Completed reload, in  0.458 seconds
Platform modules already initialized, skipping
Shader 'Universal Render Pipeline/Particles/Lit': fallback shader 'Universal Render Pipeline/Particles/SimpleLit' not found
Refreshing native plugins compatible for Editor in 0.45 ms, found 0 plugins.
Preloading 0 native plugins for Editor in 0.00 ms.
Unloading 2597 Unused Serialized files (Serialized files now loaded: 0)
System memory in use before: 123.5 MB.
System memory in use after: 123.8 MB.

Unloading 5 unused Assets to reduce memory usage. Loaded Objects now: 3337.
Total: 1.611700 ms (FindLiveObjects: 0.168500 ms CreateObjectMapping: 0.041100 ms MarkObjects: 1.390800 ms  DeleteObjects: 0.010700 ms)

========================================================================
Received Import Request.
  Time since last request: 222.720409 seconds.
  path: Assets/Scripts/Rotator.cs
  artifactKey: Guid(a3d91ca5cc90d5745a025323e691cd23) Importer(815301076,1909f56bfc062723c751e8b465ee728b)
Start importing Assets/Scripts/Rotator.cs using Guid(a3d91ca5cc90d5745a025323e691cd23) Importer(815301076,1909f56bfc062723c751e8b465ee728b)  -> (artifact id: 'ca768196ca06c21c748e39b1bb625d09') in 0.008693 seconds
  Import took 0.011449 seconds .

========================================================================
Received Prepare
Registering precompiled user dll's ...
Registered in 0.000831 seconds.
Begin MonoManager ReloadAssembly
Native extension for WindowsStandalone target not found
Refreshing native plugins compatible for Editor in 0.35 ms, found 0 plugins.
Preloading 0 native plugins for Editor in 0.00 ms.
Invoked RoslynAnalysisRunner static constructor.
RoslynAnalysisRunner will not be running.
RoslynAnalysisRunner has terminated.
Mono: successfully reloaded assembly
- Completed reload, in  0.440 seconds
Platform modules already initialized, skipping
Shader 'Universal Render Pipeline/Particles/Lit': fallback shader 'Universal Render Pipeline/Particles/SimpleLit' not found
Refreshing native plugins compatible for Editor in 0.54 ms, found 0 plugins.
Preloading 0 native plugins for Editor in 0.00 ms.
Unloading 2597 Unused Serialized files (Serialized files now loaded: 0)
System memory in use before: 123.6 MB.
System memory in use after: 123.8 MB.

Unloading 5 unused Assets to reduce memory usage. Loaded Objects now: 3339.
Total: 1.737300 ms (FindLiveObjects: 0.193000 ms CreateObjectMapping: 0.046000 ms MarkObjects: 1.486500 ms  DeleteObjects: 0.011100 ms)

========================================================================
Received Import Request.
  Time since last request: 18.236992 seconds.
  path: Assets/Scripts/Rotator.cs
  artifactKey: Guid(a3d91ca5cc90d5745a025323e691cd23) Importer(815301076,1909f56bfc062723c751e8b465ee728b)
Start importing Assets/Scripts/Rotator.cs using Guid(a3d91ca5cc90d5745a025323e691cd23) Importer(815301076,1909f56bfc062723c751e8b465ee728b)  -> (artifact id: 'd6c7c302a60e32d271ce0d310ad06b74') in 0.003851 seconds
  Import took 0.006539 seconds .

========================================================================
Received Prepare
Registering precompiled user dll's ...
Registered in 0.000798 seconds.
Begin MonoManager ReloadAssembly
Native extension for WindowsStandalone target not found
Refreshing native plugins compatible for Editor in 0.33 ms, found 0 plugins.
Preloading 0 native plugins for Editor in 0.00 ms.
Invoked RoslynAnalysisRunner static constructor.
RoslynAnalysisRunner will not be running.
RoslynAnalysisRunner has terminated.
Mono: successfully reloaded assembly
- Completed reload, in  0.467 seconds
Platform modules already initialized, skipping
Shader 'Universal Render Pipeline/Particles/Lit': fallback shader 'Universal Render Pipeline/Particles/SimpleLit' not found
Refreshing native plugins compatible for Editor in 0.41 ms, found 0 plugins.
Preloading 0 native plugins for Editor in 0.00 ms.
Unloading 2597 Unused Serialized files (Serialized files now loaded: 0)
System memory in use before: 123.6 MB.
System memory in use after: 123.8 MB.

Unloading 5 unused Assets to reduce memory usage. Loaded Objects now: 3341.
Total: 1.886300 ms (FindLiveObjects: 0.201000 ms CreateObjectMapping: 0.060100 ms MarkObjects: 1.611100 ms  DeleteObjects: 0.013100 ms)

========================================================================
Received Import Request.
  Time since last request: 29.594095 seconds.
  path: Assets/Prefabs
  artifactKey: Guid(d93f68f1138aa8046af1f194008f06d3) Importer(815301076,1909f56bfc062723c751e8b465ee728b)
Start importing Assets/Prefabs using Guid(d93f68f1138aa8046af1f194008f06d3) Importer(815301076,1909f56bfc062723c751e8b465ee728b)  -> (artifact id: '97e9cce14dde44833b9e093066b8e6ab') in 0.008449 seconds
  Import took 0.011330 seconds .

========================================================================
Received Import Request.
  Time since last request: 0.000505 seconds.
  path: Assets/Prefabs
  artifactKey: Guid(d93f68f1138aa8046af1f194008f06d3) Importer(815301076,1909f56bfc062723c751e8b465ee728b)
Start importing Assets/Prefabs using Guid(d93f68f1138aa8046af1f194008f06d3) Importer(815301076,1909f56bfc062723c751e8b465ee728b)  -> (artifact id: '97e9cce14dde44833b9e093066b8e6ab') in 0.004441 seconds
  Import took 0.006291 seconds .

========================================================================
Received Import Request.
  Time since last request: 4.356654 seconds.
  path: Assets/Prefabs/PickUp.prefab
  artifactKey: Guid(27d5742dfc07e43428aad3cf90011890) Importer(815301076,1909f56bfc062723c751e8b465ee728b)
Start importing Assets/Prefabs/PickUp.prefab using Guid(27d5742dfc07e43428aad3cf90011890) Importer(815301076,1909f56bfc062723c751e8b465ee728b)  -> (artifact id: '79a6d18dfa3aa6b70b508b3826ba96bc') in 0.086183 seconds
  Import took 0.089235 seconds .

========================================================================
Received Prepare
Registering precompiled user dll's ...
Registered in 0.000779 seconds.
Begin MonoManager ReloadAssembly
Native extension for WindowsStandalone target not found
Refreshing native plugins compatible for Editor in 0.43 ms, found 0 plugins.
Preloading 0 native plugins for Editor in 0.00 ms.
Invoked RoslynAnalysisRunner static constructor.
RoslynAnalysisRunner will not be running.
RoslynAnalysisRunner has terminated.
Mono: successfully reloaded assembly
- Completed reload, in  0.452 seconds
Platform modules already initialized, skipping
Shader 'Universal Render Pipeline/Particles/Lit': fallback shader 'Universal Render Pipeline/Particles/SimpleLit' not found
Refreshing native plugins compatible for Editor in 0.51 ms, found 0 plugins.
Preloading 0 native plugins for Editor in 0.00 ms.
Unloading 2597 Unused Serialized files (Serialized files now loaded: 0)
System memory in use before: 123.7 MB.
System memory in use after: 123.9 MB.

Unloading 5 unused Assets to reduce memory usage. Loaded Objects now: 3380.
Total: 2.187000 ms (FindLiveObjects: 0.204600 ms CreateObjectMapping: 0.054800 ms MarkObjects: 1.913200 ms  DeleteObjects: 0.013700 ms)

========================================================================
Received Import Request.
  Time since last request: 359.923475 seconds.
  path: Assets/Scripts/PlayerController.cs
  artifactKey: Guid(0bf45d9a66262464a853b4f056b0960a) Importer(815301076,1909f56bfc062723c751e8b465ee728b)
Start importing Assets/Scripts/PlayerController.cs using Guid(0bf45d9a66262464a853b4f056b0960a) Importer(815301076,1909f56bfc062723c751e8b465ee728b)  -> (artifact id: 'b54c962695717b369acf494a6eed38af') in 0.008840 seconds
  Import took 0.011772 seconds .

========================================================================
Received Import Request.
  Time since last request: 23.140110 seconds.
  path: ProjectSettings/TagManager.asset
  artifactKey: Guid(00000000000000003000000000000000) Importer(815301076,1909f56bfc062723c751e8b465ee728b)
Start importing ProjectSettings/TagManager.asset using Guid(00000000000000003000000000000000) Importer(815301076,1909f56bfc062723c751e8b465ee728b)  -> (artifact id: '470e31d8d99a9e69b1c7af0e5dce13f0') in 0.013471 seconds
  Import took 0.016373 seconds .

========================================================================
Received Import Request.
  Time since last request: 29.327106 seconds.
  path: Assets/Prefabs/PickUp.prefab
  artifactKey: Guid(27d5742dfc07e43428aad3cf90011890) Importer(815301076,1909f56bfc062723c751e8b465ee728b)
Start importing Assets/Prefabs/PickUp.prefab using Guid(27d5742dfc07e43428aad3cf90011890) Importer(815301076,1909f56bfc062723c751e8b465ee728b)  -> (artifact id: '83a97162db89d18d0ff471046f7744cf') in 0.081413 seconds
  Import took 0.084281 seconds .

========================================================================
Received Prepare
Registering precompiled user dll's ...
Registered in 0.000746 seconds.
Begin MonoManager ReloadAssembly
Native extension for WindowsStandalone target not found
Refreshing native plugins compatible for Editor in 0.35 ms, found 0 plugins.
Preloading 0 native plugins for Editor in 0.00 ms.
Invoked RoslynAnalysisRunner static constructor.
RoslynAnalysisRunner will not be running.
RoslynAnalysisRunner has terminated.
Mono: successfully reloaded assembly
- Completed reload, in  0.473 seconds
Platform modules already initialized, skipping
Shader 'Universal Render Pipeline/Particles/Lit': fallback shader 'Universal Render Pipeline/Particles/SimpleLit' not found
Refreshing native plugins compatible for Editor in 0.51 ms, found 0 plugins.
Preloading 0 native plugins for Editor in 0.00 ms.
Unloading 2597 Unused Serialized files (Serialized files now loaded: 0)
System memory in use before: 123.9 MB.
System memory in use after: 124.1 MB.

Unloading 6 unused Assets to reduce memory usage. Loaded Objects now: 3418.
Total: 1.932200 ms (FindLiveObjects: 0.291300 ms CreateObjectMapping: 0.097600 ms MarkObjects: 1.528100 ms  DeleteObjects: 0.014200 ms)

========================================================================
Received Import Request.
  Time since last request: 85.679685 seconds.
  path: Assets/Prefabs/PickUp.prefab
  artifactKey: Guid(27d5742dfc07e43428aad3cf90011890) Importer(815301076,1909f56bfc062723c751e8b465ee728b)
Start importing Assets/Prefabs/PickUp.prefab using Guid(27d5742dfc07e43428aad3cf90011890) Importer(815301076,1909f56bfc062723c751e8b465ee728b)  -> (artifact id: 'bb125bca9f555b37d58b21d04a2ac6aa') in 0.091362 seconds
  Import took 0.094291 seconds .

========================================================================
Received Prepare
Registering precompiled user dll's ...
Registered in 0.001156 seconds.
Begin MonoManager ReloadAssembly
Native extension for WindowsStandalone target not found
Refreshing native plugins compatible for Editor in 0.37 ms, found 0 plugins.
Preloading 0 native plugins for Editor in 0.00 ms.
Invoked RoslynAnalysisRunner static constructor.
RoslynAnalysisRunner will not be running.
RoslynAnalysisRunner has terminated.
Mono: successfully reloaded assembly
- Completed reload, in  0.517 seconds
Platform modules already initialized, skipping
Shader 'Universal Render Pipeline/Particles/Lit': fallback shader 'Universal Render Pipeline/Particles/SimpleLit' not found
Refreshing native plugins compatible for Editor in 0.54 ms, found 0 plugins.
Preloading 0 native plugins for Editor in 0.00 ms.
Unloading 2597 Unused Serialized files (Serialized files now loaded: 0)
System memory in use before: 124.0 MB.
System memory in use after: 124.3 MB.

Unloading 5 unused Assets to reduce memory usage. Loaded Objects now: 3456.
Total: 1.928200 ms (FindLiveObjects: 0.253800 ms CreateObjectMapping: 0.042000 ms MarkObjects: 1.616600 ms  DeleteObjects: 0.014900 ms)

========================================================================
Received Import Request.
  Time since last request: 36.315772 seconds.
  path: Assets/Prefabs/PickUp.prefab
  artifactKey: Guid(27d5742dfc07e43428aad3cf90011890) Importer(815301076,1909f56bfc062723c751e8b465ee728b)
Start importing Assets/Prefabs/PickUp.prefab using Guid(27d5742dfc07e43428aad3cf90011890) Importer(815301076,1909f56bfc062723c751e8b465ee728b)  -> (artifact id: 'bc6e795546bd5f7f53e81550de5e3b41') in 0.085006 seconds
  Import took 0.087890 seconds .

========================================================================
Received Prepare
Registering precompiled user dll's ...
Registered in 0.000763 seconds.
Begin MonoManager ReloadAssembly
Native extension for WindowsStandalone target not found
Refreshing native plugins compatible for Editor in 0.32 ms, found 0 plugins.
Preloading 0 native plugins for Editor in 0.00 ms.
Invoked RoslynAnalysisRunner static constructor.
RoslynAnalysisRunner will not be running.
RoslynAnalysisRunner has terminated.
Mono: successfully reloaded assembly
- Completed reload, in  0.449 seconds
Platform modules already initialized, skipping
Shader 'Universal Render Pipeline/Particles/Lit': fallback shader 'Universal Render Pipeline/Particles/SimpleLit' not found
Refreshing native plugins compatible for Editor in 0.51 ms, found 0 plugins.
Preloading 0 native plugins for Editor in 0.00 ms.
Unloading 2597 Unused Serialized files (Serialized files now loaded: 0)
System memory in use before: 124.2 MB.
System memory in use after: 124.4 MB.

Unloading 5 unused Assets to reduce memory usage. Loaded Objects now: 3494.
Total: 2.038900 ms (FindLiveObjects: 0.244400 ms CreateObjectMapping: 0.056900 ms MarkObjects: 1.723900 ms  DeleteObjects: 0.012900 ms)

========================================================================
Received Import Request.
  Time since last request: 17.203711 seconds.
  path: Assets/Prefabs/PickUp.prefab
  artifactKey: Guid(27d5742dfc07e43428aad3cf90011890) Importer(815301076,1909f56bfc062723c751e8b465ee728b)
Start importing Assets/Prefabs/PickUp.prefab using Guid(27d5742dfc07e43428aad3cf90011890) Importer(815301076,1909f56bfc062723c751e8b465ee728b)  -> (artifact id: '7fe593a0d8f1dd180a6260cd57e2b38f') in 0.083931 seconds
  Import took 0.086940 seconds .

========================================================================
Received Import Request.
  Time since last request: 10.470008 seconds.
  path: Assets/Prefabs/PickUp.prefab
  artifactKey: Guid(27d5742dfc07e43428aad3cf90011890) Importer(815301076,1909f56bfc062723c751e8b465ee728b)
Start importing Assets/Prefabs/PickUp.prefab using Guid(27d5742dfc07e43428aad3cf90011890) Importer(815301076,1909f56bfc062723c751e8b465ee728b)  -> (artifact id: '41350b26e1e1dca7d580648d7212d719') in 0.006702 seconds
  Import took 0.009451 seconds .

========================================================================
Received Prepare
Registering precompiled user dll's ...
Registered in 0.000760 seconds.
Begin MonoManager ReloadAssembly
Native extension for WindowsStandalone target not found
Refreshing native plugins compatible for Editor in 0.35 ms, found 0 plugins.
Preloading 0 native plugins for Editor in 0.00 ms.
Invoked RoslynAnalysisRunner static constructor.
RoslynAnalysisRunner will not be running.
RoslynAnalysisRunner has terminated.
Mono: successfully reloaded assembly
- Completed reload, in  0.469 seconds
Platform modules already initialized, skipping
Shader 'Universal Render Pipeline/Particles/Lit': fallback shader 'Universal Render Pipeline/Particles/SimpleLit' not found
Refreshing native plugins compatible for Editor in 0.53 ms, found 0 plugins.
Preloading 0 native plugins for Editor in 0.00 ms.
Unloading 2597 Unused Serialized files (Serialized files now loaded: 0)
System memory in use before: 124.3 MB.
System memory in use after: 124.5 MB.

Unloading 5 unused Assets to reduce memory usage. Loaded Objects now: 3532.
Total: 2.270700 ms (FindLiveObjects: 0.250900 ms CreateObjectMapping: 0.053300 ms MarkObjects: 1.953900 ms  DeleteObjects: 0.011600 ms)

========================================================================
Received Prepare
Registering precompiled user dll's ...
Registered in 0.000703 seconds.
Begin MonoManager ReloadAssembly
Native extension for WindowsStandalone target not found
Refreshing native plugins compatible for Editor in 0.33 ms, found 0 plugins.
Preloading 0 native plugins for Editor in 0.00 ms.
Invoked RoslynAnalysisRunner static constructor.
RoslynAnalysisRunner will not be running.
RoslynAnalysisRunner has terminated.
Mono: successfully reloaded assembly
- Completed reload, in  0.461 seconds
Platform modules already initialized, skipping
Shader 'Universal Render Pipeline/Particles/Lit': fallback shader 'Universal Render Pipeline/Particles/SimpleLit' not found
Refreshing native plugins compatible for Editor in 0.42 ms, found 0 plugins.
Preloading 0 native plugins for Editor in 0.00 ms.
Unloading 2597 Unused Serialized files (Serialized files now loaded: 0)
System memory in use before: 124.3 MB.
System memory in use after: 124.5 MB.

Unloading 5 unused Assets to reduce memory usage. Loaded Objects now: 3534.
Total: 1.787500 ms (FindLiveObjects: 0.213800 ms CreateObjectMapping: 0.053200 ms MarkObjects: 1.507700 ms  DeleteObjects: 0.012100 ms)

========================================================================
Received Import Request.
  Time since last request: 101.478911 seconds.
  path: Assets/Scripts/PlayerController.cs
  artifactKey: Guid(0bf45d9a66262464a853b4f056b0960a) Importer(815301076,1909f56bfc062723c751e8b465ee728b)
Start importing Assets/Scripts/PlayerController.cs using Guid(0bf45d9a66262464a853b4f056b0960a) Importer(815301076,1909f56bfc062723c751e8b465ee728b)  -> (artifact id: 'df5b7899f12c7c6b710ab0971f91ac3c') in 0.003978 seconds
  Import took 0.006746 seconds .

========================================================================
Received Prepare
Registering precompiled user dll's ...
Registered in 0.000745 seconds.
Begin MonoManager ReloadAssembly
Native extension for WindowsStandalone target not found
Refreshing native plugins compatible for Editor in 0.34 ms, found 0 plugins.
Preloading 0 native plugins for Editor in 0.00 ms.
Invoked RoslynAnalysisRunner static constructor.
RoslynAnalysisRunner will not be running.
RoslynAnalysisRunner has terminated.
Mono: successfully reloaded assembly
- Completed reload, in  0.455 seconds
Platform modules already initialized, skipping
Shader 'Universal Render Pipeline/Particles/Lit': fallback shader 'Universal Render Pipeline/Particles/SimpleLit' not found
Refreshing native plugins compatible for Editor in 0.41 ms, found 0 plugins.
Preloading 0 native plugins for Editor in 0.00 ms.
Unloading 2610 Unused Serialized files (Serialized files now loaded: 0)
System memory in use before: 126.1 MB.
System memory in use after: 125.7 MB.

Unloading 18 unused Assets to reduce memory usage. Loaded Objects now: 3536.
Total: 1.968600 ms (FindLiveObjects: 0.214700 ms CreateObjectMapping: 0.052600 ms MarkObjects: 1.509300 ms  DeleteObjects: 0.191300 ms)

========================================================================
Received Prepare
Registering precompiled user dll's ...
Registered in 0.000830 seconds.
Begin MonoManager ReloadAssembly
Native extension for WindowsStandalone target not found
Refreshing native plugins compatible for Editor in 0.33 ms, found 0 plugins.
Preloading 0 native plugins for Editor in 0.00 ms.
Invoked RoslynAnalysisRunner static constructor.
RoslynAnalysisRunner will not be running.
RoslynAnalysisRunner has terminated.
Mono: successfully reloaded assembly
- Completed reload, in  0.493 seconds
Platform modules already initialized, skipping
Shader 'Universal Render Pipeline/Particles/Lit': fallback shader 'Universal Render Pipeline/Particles/SimpleLit' not found
Refreshing native plugins compatible for Editor in 0.58 ms, found 0 plugins.
Preloading 0 native plugins for Editor in 0.00 ms.
Unloading 2610 Unused Serialized files (Serialized files now loaded: 0)
System memory in use before: 126.1 MB.
System memory in use after: 125.7 MB.

Unloading 18 unused Assets to reduce memory usage. Loaded Objects now: 3538.
Total: 2.055500 ms (FindLiveObjects: 0.216800 ms CreateObjectMapping: 0.050100 ms MarkObjects: 1.576700 ms  DeleteObjects: 0.211200 ms)

========================================================================
Received Import Request.
  Time since last request: 860.090344 seconds.
  path: Assets/Materials/PickUp.mat
  artifactKey: Guid(693cc68823377fb41a9987cdaf856e4d) Importer(815301076,1909f56bfc062723c751e8b465ee728b)
Start importing Assets/Materials/PickUp.mat using Guid(693cc68823377fb41a9987cdaf856e4d) Importer(815301076,1909f56bfc062723c751e8b465ee728b)  -> (artifact id: '9b1870fcb42b3e3dfeb9a89d0a032b28') in 0.089356 seconds
  Import took 0.092302 seconds .

========================================================================
Received Import Request.
  Time since last request: 13.242561 seconds.
  path: Assets/Materials/ground.mat
  artifactKey: Guid(8faf100f995b74e4c864558617bf45f7) Importer(815301076,1909f56bfc062723c751e8b465ee728b)
Start importing Assets/Materials/ground.mat using Guid(8faf100f995b74e4c864558617bf45f7) Importer(815301076,1909f56bfc062723c751e8b465ee728b)  -> (artifact id: '5571fc7a636ed8f5f404fbb32d6e6e9d') in 0.014311 seconds
  Import took 0.016900 seconds .

========================================================================
Received Prepare
Registering precompiled user dll's ...
Registered in 0.000792 seconds.
Begin MonoManager ReloadAssembly
Native extension for WindowsStandalone target not found
Refreshing native plugins compatible for Editor in 0.31 ms, found 0 plugins.
Preloading 0 native plugins for Editor in 0.00 ms.
Invoked RoslynAnalysisRunner static constructor.
RoslynAnalysisRunner will not be running.
RoslynAnalysisRunner has terminated.
Mono: successfully reloaded assembly
- Completed reload, in  0.460 seconds
Platform modules already initialized, skipping
Shader 'Universal Render Pipeline/Particles/Lit': fallback shader 'Universal Render Pipeline/Particles/SimpleLit' not found
Refreshing native plugins compatible for Editor in 0.49 ms, found 0 plugins.
Preloading 0 native plugins for Editor in 0.00 ms.
Unloading 2610 Unused Serialized files (Serialized files now loaded: 0)
System memory in use before: 126.2 MB.
System memory in use after: 125.8 MB.

Unloading 18 unused Assets to reduce memory usage. Loaded Objects now: 3576.
Total: 2.125000 ms (FindLiveObjects: 0.182200 ms CreateObjectMapping: 0.049000 ms MarkObjects: 1.688600 ms  DeleteObjects: 0.204600 ms)

========================================================================
Received Import Request.
  Time since last request: 233.117341 seconds.
  path: Assets/Materials/ground.mat
  artifactKey: Guid(8faf100f995b74e4c864558617bf45f7) Importer(815301076,1909f56bfc062723c751e8b465ee728b)
Start importing Assets/Materials/ground.mat using Guid(8faf100f995b74e4c864558617bf45f7) Importer(815301076,1909f56bfc062723c751e8b465ee728b)  -> (artifact id: 'b942baef26ca179d01f1310be5c43af7') in 0.086006 seconds
  Import took 0.088579 seconds .

========================================================================
Received Import Request.
  Time since last request: 0.000133 seconds.
  path: Assets/Materials/Walls.mat
  artifactKey: Guid(614634175be1af64baf16790717654e6) Importer(815301076,1909f56bfc062723c751e8b465ee728b)
Start importing Assets/Materials/Walls.mat using Guid(614634175be1af64baf16790717654e6) Importer(815301076,1909f56bfc062723c751e8b465ee728b)  -> (artifact id: '64e4ae7b7fefcdbbbec050a2eb8e5aa4') in 0.007352 seconds
  Import took 0.009086 seconds .

========================================================================
Received Prepare
Registering precompiled user dll's ...
Registered in 0.000833 seconds.
Begin MonoManager ReloadAssembly
Native extension for WindowsStandalone target not found
Refreshing native plugins compatible for Editor in 0.33 ms, found 0 plugins.
Preloading 0 native plugins for Editor in 0.00 ms.
Invoked RoslynAnalysisRunner static constructor.
RoslynAnalysisRunner will not be running.
RoslynAnalysisRunner has terminated.
Mono: successfully reloaded assembly
- Completed reload, in  0.471 seconds
Platform modules already initialized, skipping
Shader 'Universal Render Pipeline/Particles/Lit': fallback shader 'Universal Render Pipeline/Particles/SimpleLit' not found
Refreshing native plugins compatible for Editor in 0.55 ms, found 0 plugins.
Preloading 0 native plugins for Editor in 0.00 ms.
Unloading 2610 Unused Serialized files (Serialized files now loaded: 0)
System memory in use before: 126.4 MB.
System memory in use after: 126.0 MB.

Unloading 18 unused Assets to reduce memory usage. Loaded Objects now: 3614.
Total: 2.426300 ms (FindLiveObjects: 0.246500 ms CreateObjectMapping: 0.066900 ms MarkObjects: 1.873100 ms  DeleteObjects: 0.239000 ms)

========================================================================
Received Prepare
Registering precompiled user dll's ...
Registered in 0.001177 seconds.
Begin MonoManager ReloadAssembly
Native extension for WindowsStandalone target not found
Refreshing native plugins compatible for Editor in 0.34 ms, found 0 plugins.
Preloading 0 native plugins for Editor in 0.00 ms.
Invoked RoslynAnalysisRunner static constructor.
RoslynAnalysisRunner will not be running.
RoslynAnalysisRunner has terminated.
Mono: successfully reloaded assembly
- Completed reload, in  0.502 seconds
Platform modules already initialized, skipping
Shader 'Universal Render Pipeline/Particles/Lit': fallback shader 'Universal Render Pipeline/Particles/SimpleLit' not found
Refreshing native plugins compatible for Editor in 0.89 ms, found 0 plugins.
Preloading 0 native plugins for Editor in 0.00 ms.
Unloading 2610 Unused Serialized files (Serialized files now loaded: 0)
System memory in use before: 126.4 MB.
System memory in use after: 126.0 MB.

Unloading 18 unused Assets to reduce memory usage. Loaded Objects now: 3616.
Total: 2.040700 ms (FindLiveObjects: 0.218400 ms CreateObjectMapping: 0.049600 ms MarkObjects: 1.544500 ms  DeleteObjects: 0.227500 ms)

========================================================================
Received Prepare
Registering precompiled user dll's ...
Registered in 0.000743 seconds.
Begin MonoManager ReloadAssembly
Native extension for WindowsStandalone target not found
Refreshing native plugins compatible for Editor in 0.34 ms, found 0 plugins.
Preloading 0 native plugins for Editor in 0.00 ms.
Invoked RoslynAnalysisRunner static constructor.
RoslynAnalysisRunner will not be running.
RoslynAnalysisRunner has terminated.
Mono: successfully reloaded assembly
- Completed reload, in  0.460 seconds
Platform modules already initialized, skipping
Shader 'Universal Render Pipeline/Particles/Lit': fallback shader 'Universal Render Pipeline/Particles/SimpleLit' not found
Refreshing native plugins compatible for Editor in 0.56 ms, found 0 plugins.
Preloading 0 native plugins for Editor in 0.00 ms.
Unloading 2610 Unused Serialized files (Serialized files now loaded: 0)
System memory in use before: 126.4 MB.
System memory in use after: 126.0 MB.

Unloading 18 unused Assets to reduce memory usage. Loaded Objects now: 3618.
Total: 2.273200 ms (FindLiveObjects: 0.192800 ms CreateObjectMapping: 0.055500 ms MarkObjects: 1.802200 ms  DeleteObjects: 0.221900 ms)

========================================================================
Received Import Request.
  Time since last request: 648.950733 seconds.
  path: Assets/Materials/ground.mat
  artifactKey: Guid(8faf100f995b74e4c864558617bf45f7) Importer(815301076,1909f56bfc062723c751e8b465ee728b)
Start importing Assets/Materials/ground.mat using Guid(8faf100f995b74e4c864558617bf45f7) Importer(815301076,1909f56bfc062723c751e8b465ee728b)  -> (artifact id: '430cd9adc56c8e1dabd84250efd31a73') in 0.099258 seconds
  Import took 0.102718 seconds .

========================================================================
Received Import Request.
  Time since last request: 0.000153 seconds.
  path: Assets/Materials/Walls.mat
  artifactKey: Guid(614634175be1af64baf16790717654e6) Importer(815301076,1909f56bfc062723c751e8b465ee728b)
Start importing Assets/Materials/Walls.mat using Guid(614634175be1af64baf16790717654e6) Importer(815301076,1909f56bfc062723c751e8b465ee728b)  -> (artifact id: 'ad91a1a795277d7e80c99de4bb8389b0') in 0.017322 seconds
  Import took 0.019234 seconds .

========================================================================
Received Prepare
Registering precompiled user dll's ...
Registered in 0.000735 seconds.
Begin MonoManager ReloadAssembly
Native extension for WindowsStandalone target not found
Refreshing native plugins compatible for Editor in 0.32 ms, found 0 plugins.
Preloading 0 native plugins for Editor in 0.00 ms.
Invoked RoslynAnalysisRunner static constructor.
RoslynAnalysisRunner will not be running.
RoslynAnalysisRunner has terminated.
Mono: successfully reloaded assembly
- Completed reload, in  0.460 seconds
Platform modules already initialized, skipping
Shader 'Universal Render Pipeline/Particles/Lit': fallback shader 'Universal Render Pipeline/Particles/SimpleLit' not found
Refreshing native plugins compatible for Editor in 0.41 ms, found 0 plugins.
Preloading 0 native plugins for Editor in 0.00 ms.
Unloading 2610 Unused Serialized files (Serialized files now loaded: 0)
System memory in use before: 126.5 MB.
System memory in use after: 126.1 MB.

Unloading 18 unused Assets to reduce memory usage. Loaded Objects now: 3656.
Total: 2.033700 ms (FindLiveObjects: 0.184700 ms CreateObjectMapping: 0.047700 ms MarkObjects: 1.583300 ms  DeleteObjects: 0.217400 ms)

========================================================================
Received Import Request.
  Time since last request: 127.045299 seconds.
  path: Assets/Materials/Obstacle.mat
  artifactKey: Guid(50c7eb1098e695d459333f64d324964d) Importer(815301076,1909f56bfc062723c751e8b465ee728b)
Start importing Assets/Materials/Obstacle.mat using Guid(50c7eb1098e695d459333f64d324964d) Importer(815301076,1909f56bfc062723c751e8b465ee728b)  -> (artifact id: '26074d32e4c4ac5e8bc2df98cdd722ea') in 0.089889 seconds
  Import took 0.092737 seconds .

========================================================================
Received Import Request.
  Time since last request: 44.848851 seconds.
  path: Assets/Materials/Obstacle.mat
  artifactKey: Guid(50c7eb1098e695d459333f64d324964d) Importer(815301076,1909f56bfc062723c751e8b465ee728b)
Start importing Assets/Materials/Obstacle.mat using Guid(50c7eb1098e695d459333f64d324964d) Importer(815301076,1909f56bfc062723c751e8b465ee728b)  -> (artifact id: '46dc40a7e06ed406d1cbdce0061a5f5f') in 0.007554 seconds
  Import took 0.010205 seconds .

========================================================================
Received Prepare
Registering precompiled user dll's ...
Registered in 0.000807 seconds.
Begin MonoManager ReloadAssembly
Native extension for WindowsStandalone target not found
Refreshing native plugins compatible for Editor in 0.34 ms, found 0 plugins.
Preloading 0 native plugins for Editor in 0.00 ms.
Invoked RoslynAnalysisRunner static constructor.
RoslynAnalysisRunner will not be running.
RoslynAnalysisRunner has terminated.
Mono: successfully reloaded assembly
- Completed reload, in  0.467 seconds
Platform modules already initialized, skipping
Shader 'Universal Render Pipeline/Particles/Lit': fallback shader 'Universal Render Pipeline/Particles/SimpleLit' not found
Refreshing native plugins compatible for Editor in 0.53 ms, found 0 plugins.
Preloading 0 native plugins for Editor in 0.00 ms.
Unloading 2610 Unused Serialized files (Serialized files now loaded: 0)
System memory in use before: 126.7 MB.
System memory in use after: 126.3 MB.

Unloading 18 unused Assets to reduce memory usage. Loaded Objects now: 3694.
Total: 2.426600 ms (FindLiveObjects: 0.279500 ms CreateObjectMapping: 0.067100 ms MarkObjects: 1.851800 ms  DeleteObjects: 0.227400 ms)

========================================================================
Received Prepare
Registering precompiled user dll's ...
Registered in 0.000751 seconds.
Begin MonoManager ReloadAssembly
Native extension for WindowsStandalone target not found
Refreshing native plugins compatible for Editor in 0.34 ms, found 0 plugins.
Preloading 0 native plugins for Editor in 0.00 ms.
Invoked RoslynAnalysisRunner static constructor.
RoslynAnalysisRunner will not be running.
RoslynAnalysisRunner has terminated.
Mono: successfully reloaded assembly
- Completed reload, in  0.460 seconds
Platform modules already initialized, skipping
Shader 'Universal Render Pipeline/Particles/Lit': fallback shader 'Universal Render Pipeline/Particles/SimpleLit' not found
Refreshing native plugins compatible for Editor in 0.41 ms, found 0 plugins.
Preloading 0 native plugins for Editor in 0.00 ms.
Unloading 2610 Unused Serialized files (Serialized files now loaded: 0)
System memory in use before: 126.7 MB.
System memory in use after: 126.3 MB.

Unloading 18 unused Assets to reduce memory usage. Loaded Objects now: 3696.
Total: 2.266600 ms (FindLiveObjects: 0.217800 ms CreateObjectMapping: 0.059200 ms MarkObjects: 1.767900 ms  DeleteObjects: 0.220800 ms)

========================================================================
Received Prepare
Shader 'Universal Render Pipeline/Particles/Lit': fallback shader 'Universal Render Pipeline/Particles/SimpleLit' not found
Refreshing native plugins compatible for Editor in 1.58 ms, found 0 plugins.
Preloading 0 native plugins for Editor in 0.00 ms.
Unloading 16 Unused Serialized files (Serialized files now loaded: 0)
System memory in use before: 75.5 MB.
System memory in use after: 75.1 MB.

Unloading 16 unused Assets to reduce memory usage. Loaded Objects now: 3696.
Total: 2.444300 ms (FindLiveObjects: 0.355200 ms CreateObjectMapping: 0.122400 ms MarkObjects: 1.721200 ms  DeleteObjects: 0.244900 ms)

AssetImportWorkerClient::OnTransportError - code=2 error=End of file
